<?xml version="1.0" encoding="utf-8"?><testsuites name="pytest tests"><testsuite name="pytest" errors="0" failures="0" skipped="0" tests="27" time="3.379" timestamp="2026-02-23T15:05:36.963922+00:00" hostname="agent-env-713fab5c-38ac-4909-ac35-ddd4b8570875"><testcase classname="backend.tests.test_dashboard_api.TestHealthCheck" name="test_api_root_endpoint" time="0.146" /><testcase classname="backend.tests.test_dashboard_api.TestLoginApprovedUser" name="test_login_approved_user" time="0.299" /><testcase classname="backend.tests.test_dashboard_api.TestDashboardForApprovedUser" name="test_dashboard_overview_approved" time="0.082" /><testcase classname="backend.tests.test_dashboard_api.TestDashboardForApprovedUser" name="test_wallets_endpoint_approved" time="0.107" /><testcase classname="backend.tests.test_dashboard_api.TestDashboardForApprovedUser" name="test_wallet_details_btc" time="0.095" /><testcase classname="backend.tests.test_dashboard_api.TestDashboardForApprovedUser" name="test_transactions_endpoint" time="0.094" /><testcase classname="backend.tests.test_dashboard_api.TestDashboardForApprovedUser" name="test_transactions_with_type_filter" time="0.090" /><testcase classname="backend.tests.test_dashboard_api.TestDashboardForApprovedUser" name="test_investment_opportunities" time="0.097" /><testcase classname="backend.tests.test_dashboard_api.TestDashboardForApprovedUser" name="test_my_investments" time="0.195" /><testcase classname="backend.tests.test_dashboard_api.TestDashboardForApprovedUser" name="test_roi_endpoint" time="0.087" /><testcase classname="backend.tests.test_dashboard_api.TestDashboardForApprovedUser" name="test_transparency_reports" time="0.081" /><testcase classname="backend.tests.test_dashboard_api.TestDashboardForApprovedUser" name="test_proof_of_reserves" time="0.084" /><testcase classname="backend.tests.test_dashboard_api.TestRegisterNewUser" name="test_register_new_user" time="0.312" /><testcase classname="backend.tests.test_dashboard_api.TestDashboardForNonApprovedUser" name="test_dashboard_overview_denied_for_non_approved" time="0.091" /><testcase classname="backend.tests.test_dashboard_api.TestDashboardForNonApprovedUser" name="test_wallets_denied_for_non_approved" time="0.082" /><testcase classname="backend.tests.test_dashboard_api.TestDashboardForNonApprovedUser" name="test_investments_denied_for_non_approved" time="0.085" /><testcase classname="backend.tests.test_dashboard_api.TestAdminEndpoints" name="test_admin_list_users" time="0.102" /><testcase classname="backend.tests.test_dashboard_api.TestAdminEndpoints" name="test_admin_list_users_filter_not_approved" time="0.250" /><testcase classname="backend.tests.test_dashboard_api.TestAdminEndpoints" name="test_admin_get_user_details" time="0.079" /><testcase classname="backend.tests.test_dashboard_api.TestAdminEndpoints" name="test_admin_approve_user" time="0.200" /><testcase classname="backend.tests.test_dashboard_api.TestAdminEndpoints" name="test_admin_list_invite_codes" time="0.103" /><testcase classname="backend.tests.test_dashboard_api.TestAdminEndpoints" name="test_admin_create_invite_code" time="0.083" /><testcase classname="backend.tests.test_dashboard_api.TestAdminEndpoints" name="test_admin_create_investment_opportunity" time="0.084" /><testcase classname="backend.tests.test_dashboard_api.TestAdminEndpoints" name="test_admin_add_public_wallet" time="0.078" /><testcase classname="backend.tests.test_dashboard_api.TestNonAdminAccessDenied" name="test_non_admin_cannot_list_users" time="0.083" /><testcase classname="backend.tests.test_dashboard_api.TestUnauthenticatedAccess" name="test_dashboard_requires_auth" time="0.113" /><testcase classname="backend.tests.test_dashboard_api.TestUnauthenticatedAccess" name="test_admin_requires_auth" time="0.107" /></testsuite></testsuites>