<?xml version="1.0" encoding="utf-8"?><testsuites name="pytest tests"><testsuite name="pytest" errors="0" failures="0" skipped="0" tests="14" time="7.316" timestamp="2026-02-23T13:08:44.834539+00:00" hostname="agent-env-713fab5c-38ac-4909-ac35-ddd4b8570875"><testcase classname="backend.tests.test_auth_api.TestHealthCheck" name="test_api_root_endpoint" time="0.576" /><testcase classname="backend.tests.test_auth_api.TestUserRegistration" name="test_register_new_user" time="0.679" /><testcase classname="backend.tests.test_auth_api.TestUserRegistration" name="test_register_duplicate_email" time="0.403" /><testcase classname="backend.tests.test_auth_api.TestUserRegistration" name="test_register_missing_fields" time="0.392" /><testcase classname="backend.tests.test_auth_api.TestUserLogin" name="test_login_success" time="0.626" /><testcase classname="backend.tests.test_auth_api.TestUserLogin" name="test_login_wrong_password" time="0.648" /><testcase classname="backend.tests.test_auth_api.TestUserLogin" name="test_login_nonexistent_user" time="0.441" /><testcase classname="backend.tests.test_auth_api.TestGetUserProfile" name="test_get_profile_authenticated" time="0.410" /><testcase classname="backend.tests.test_auth_api.TestGetUserProfile" name="test_get_profile_no_token" time="0.396" /><testcase classname="backend.tests.test_auth_api.TestGetUserProfile" name="test_get_profile_invalid_token" time="0.396" /><testcase classname="backend.tests.test_auth_api.TestUpdateUserProfile" name="test_update_profile_name" time="0.866" /><testcase classname="backend.tests.test_auth_api.TestUpdateUserProfile" name="test_update_profile_phone_and_country" time="0.428" /><testcase classname="backend.tests.test_auth_api.TestUpdateUserProfile" name="test_update_profile_no_token" time="0.431" /><testcase classname="backend.tests.test_auth_api.TestCryptoPrices" name="test_get_crypto_prices" time="0.465" /></testsuite></testsuites>